[Thu Apr 25 13:30:43 2002] /index.cgihtml: user-request(0): 'c:/drives/y/parser3project/parser3/www/htdocs/index.cgihtml' read failed: No such file or directory (2), actual filename 'c:/drives/y/parser3project/parser3/www/htdocs/index.cgihtml' [file.missing]
[Thu Apr 25 13:30:43 2002] /index.cgihtml: user-request(0): 'c:/drives/y/parser3project/parser3/www/htdocs/index.cgihtml' read failed: No such file or directory (2), actual filename 'c:/drives/y/parser3project/parser3/www/htdocs/index.cgihtml' [file.missing]
[Thu Apr 25 13:30:44 2002] /index.cgihtml: user-request(0): 'c:/drives/y/parser3project/parser3/www/htdocs/index.cgihtml' read failed: No such file or directory (2), actual filename 'c:/drives/y/parser3project/parser3/www/htdocs/index.cgihtml' [file.missing]
[Thu Apr 25 13:30:45 2002] /index.cgihtml: user-request(0): 'c:/drives/y/parser3project/parser3/www/htdocs/index.cgihtml' read failed: No such file or directory (2), actual filename 'c:/drives/y/parser3project/parser3/www/htdocs/index.cgihtml' [file.missing]
[Thu Apr 25 13:42:52 2002] /index.cgihtml: c:/drives/y/parser3project/parser3/www/htdocs/index.cgihtml(1325:19): parse error, expecting `']'' or `';'' [parser.compile]
[Thu Apr 25 13:43:17 2002] /index.cgihtml: c:/drives/y/parser3project/parser3/www/htdocs/index.cgihtml(1329:25): parse error, expecting `']'' or `';'' [parser.compile]
[Thu Apr 25 13:43:18 2002] /index.cgihtml: junction used outside of context [parser.runtime]
[Thu Apr 25 13:48:30 2002] /index.cgihtml: junction used outside of context [parser.runtime]
[Thu Apr 25 13:48:31 2002] /index.cgihtml: junction used outside of context [parser.runtime]
[Thu Apr 25 18:32:56 2002] /index.cgihtml: c:/drives/y/parser3project/parser3/www/htdocs/index.cgihtml(1327:23): parse error, expecting `']'' or `';'' [parser.compile]
[Thu Apr 25 18:34:36 2002] /index.cgihtml: c:/drives/y/parser3project/parser3/www/htdocs/index.cgihtml(1327:21): parse error, expecting `']'' or `';'' [parser.compile]
[Thu Apr 25 18:34:41 2002] /index.cgihtml: c:/drives/y/parser3project/parser3/www/htdocs/index.cgihtml(147): '2002' year&month parts of date abscent, must be in YYYY-NN-DD HH-MM-SS format [-]
[Thu Apr 25 18:34:41 2002] /index.cgihtml: c:/drives/y/parser3project/parser3/www/htdocs/index.cgihtml(147): '2002' year&month parts of date abscent, must be in YYYY-NN-DD HH-MM-SS format [-]
[Thu Apr 25 18:34:50 2002] /index.cgihtml: c:/drives/y/parser3project/parser3/www/htdocs/index.cgihtml(1328:1): parse error, expecting `']'' or `';'' [parser.compile]
[Thu Apr 25 19:07:56 2002] (null): Y:/parser3project/parser3/www/htdocs/index.html(149): 'select CAST('2000-05-28 00:00:00.000' AS smalldatetime)' CDBException: The conversion of char data type to smalldatetime data type resulted in an out-of-range smalldatetime value.| [sql.execute]
[Thu Apr 25 19:31:00 2002] /index.cgihtml: c:/drives/y/parser3project/parser3/www/htdocs/index.cgihtml(1): 't.p' usage failed - no $MAIN:CLASS_PATH were specified [parser.runtime]
[Thu Apr 25 19:39:36 2002] /index.cgihtml: c:/drives/y/parser3project/parser3/www/htdocs/index.cgihtml(152): 'select CAST({dt '2000-05-28 00:00:00.000'} AS smalldatetime)' CDBException: Syntax error or access violation| [sql.execute]
[Thu Apr 25 19:39:58 2002] /index.cgihtml: c:/drives/y/parser3project/parser3/www/htdocs/index.cgihtml(152): 'select CAST({dt '2000-05-28 00:00:00.000'} AS smalldatetime)' CDBException: Syntax error or access violation| [sql.execute]
[Thu Apr 25 19:40:14 2002] /index.cgihtml: c:/drives/y/parser3project/parser3/www/htdocs/index.cgihtml(1): 't.p' usage failed - no $MAIN:CLASS_PATH were specified [parser.runtime]
[Thu Apr 25 19:40:46 2002] /index.cgihtml: c:/drives/y/parser3project/parser3/www/htdocs/index.cgihtml(152): 'select CAST({dt: '2000-05-28 00:00:00.000'} AS smalldatetime)' CDBException: Syntax error or access violation| [sql.execute]
[Thu Apr 25 19:41:25 2002] /index.cgihtml: c:/drives/y/parser3project/parser3/www/htdocs/index.cgihtml(152): 'select CAST({ts '2000-05-28 00:00:00.000'} AS smalldatetime)' CDBException: Numeric value out of range| [sql.execute]
[Thu Apr 25 19:41:32 2002] /index.cgihtml: c:/drives/y/parser3project/parser3/www/htdocs/index.cgihtml(152): 'select CAST({ts '2000-05-05 00:00:00.000'} AS smalldatetime)' CDBException: Numeric value out of range| [sql.execute]
[Thu Apr 25 19:41:38 2002] /index.cgihtml: c:/drives/y/parser3project/parser3/www/htdocs/index.cgihtml(152): 'select CAST({ts '2002-04-28 00:00:00.000'} AS smalldatetime)' CDBException: Numeric value out of range| [sql.execute]
[Thu Apr 25 19:42:26 2002] /index.cgihtml: c:/drives/y/parser3project/parser3/www/htdocs/index.cgihtml(153): 'select CAST({ ts '1998-05-02 01:23:56.123' }AS smalldatetime)' CDBException: Numeric value out of range| [sql.execute]
[Thu Apr 25 19:42:31 2002] /index.cgihtml: c:/drives/y/parser3project/parser3/www/htdocs/index.cgihtml(153): 'select CAST({ ts '1998-05-02 01:23:56.123' }AS smalldatetime)' CDBException: Numeric value out of range| [sql.execute]
[Thu Apr 25 19:43:43 2002] /index.cgihtml: c:/drives/y/parser3project/parser3/www/htdocs/index.cgihtml(153): 'select CAST({ ts '1998-05-02 01:23:56.123' }AS smalldatetime)' CDBException: Numeric value out of range| [sql.execute]
[Thu Apr 25 19:43:44 2002] /index.cgihtml: c:/drives/y/parser3project/parser3/www/htdocs/index.cgihtml(153): 'select CAST({ ts '1998-05-02 01:23:56.123' }AS smalldatetime)' CDBException: Numeric value out of range| [sql.execute]
[Thu Apr 25 19:43:45 2002] /index.cgihtml: c:/drives/y/parser3project/parser3/www/htdocs/index.cgihtml(153): 'select CAST({ ts '1998-05-02 01:23:56.123' }AS smalldatetime)' CDBException: Numeric value out of range| [sql.execute]
[Thu Apr 25 20:01:27 2002] (null): Y:/parser3project/parser3/www/htdocs/index.html(153): 'select CAST({ ts '1998-05-02 01:23:56.123' }AS smalldatetime)' CDBException: Numeric value out of range| [sql.execute]
[Thu Apr 25 20:21:44 2002] /index.cgihtml: c:/drives/y/parser3project/parser3/www/htdocs/index.cgihtml(155): 'select * from paf' CDBException: unknown [sql.execute]
[Thu Apr 25 20:21:53 2002] (null): Y:/parser3project/parser3/www/htdocs/index.html(1339:5): parse error, expecting `']'' or `';'' [parser.compile]
[Thu Apr 25 20:21:57 2002] (null): Y:/parser3project/parser3/www/htdocs/index.html(155): 'select * from paf' CDBException: unknown [sql.execute]
[Thu Apr 25 21:09:16 2002] /index.cgihtml: c:/drives/y/parser3project/parser3/www/htdocs/index.cgihtml(155): 'select * from paf' CDBException: unknown [sql.execute]
[Thu Apr 25 21:11:21 2002] (null): Y:/parser3project/parser3/www/htdocs/index.html(155): 'select * from paf' CDBException: unknown [sql.execute]
[Thu Apr 25 21:12:57 2002] /index.cgihtml: c:/drives/y/parser3project/parser3/www/htdocs/index.cgihtml(155): 'select b from paf' CDBException: unknown [sql.execute]
[Thu Apr 25 21:15:35 2002] /index.cgihtml: c:/drives/y/parser3project/parser3/www/htdocs/index.cgihtml(155): 'select b from paf' CDBException: unknown [sql.execute]
[Thu Apr 25 21:15:38 2002] /index.cgihtml: c:/drives/y/parser3project/parser3/www/htdocs/index.cgihtml(155): 'select b from paf' CDBException: unknown [sql.execute]
[Thu Apr 25 21:18:08 2002] /index.cgihtml: c:/drives/y/parser3project/parser3/www/htdocs/index.cgihtml(155): 'select b from paf' CDBException: unknown [sql.execute]
[Thu Apr 25 21:33:51 2002] /index.cgihtml: c:/drives/y/parser3project/parser3/www/htdocs/index.cgihtml(155): 'select b from paf' unknown column return variant type (8) [sql.execute]
[Thu Apr 25 21:36:17 2002] /index.cgihtml: c:/drives/y/parser3project/parser3/www/htdocs/index.cgihtml(155): 'select a from paf' CDBException: Numeric value out of range| [sql.execute]
[Thu Apr 25 21:39:31 2002] /index.cgihtml: c:/drives/y/parser3project/parser3/www/htdocs/index.cgihtml(155): 'select a from paf' CDBException: Numeric value out of range| [sql.execute]
[Thu Apr 25 21:39:32 2002] /index.cgihtml: c:/drives/y/parser3project/parser3/www/htdocs/index.cgihtml(155): 'select a from paf' CDBException: Numeric value out of range| [sql.execute]
[Thu Apr 25 21:40:12 2002] (null): Y:/parser3project/parser3/www/htdocs/index.html(1): 't.p' not found along MAIN:CLASS_PATH [parser.runtime]
[Thu Apr 25 21:40:51 2002] (null): Y:/parser3project/parser3/www/htdocs/index.html(1): 't.p' not found along MAIN:CLASS_PATH [parser.runtime]
[Thu Apr 25 21:40:55 2002] (null): Y:/parser3project/parser3/www/htdocs/index.html(1): 't.p' not found along MAIN:CLASS_PATH [parser.runtime]
[Thu Apr 25 21:41:02 2002] (null): Y:/parser3project/parser3/www/htdocs/index.html(1): 't.p' not found along MAIN:CLASS_PATH [parser.runtime]
[Mon Apr 29 10:07:09 2002] /index.cgihtml: c:\drives\y\PARSER~3\parser3\www\cgi-bin/parser3.conf(2): 'c:\drives\y\parser3project\odbc\Debug\parser3odbc.dll' can not open the module, file not found [<no type>]
[Mon Apr 29 10:07:32 2002] /index.cgihtml: c:/drives/y/parser3project/parser3/www/htdocs/index.cgihtml(153): 'b'  [a]
[Mon Apr 29 10:09:38 2002] /index.cgihtml: c:/drives/y/parser3project/parser3/www/htdocs/index.cgihtml(153): 'b'  [a]
[Mon Apr 29 10:10:31 2002] (null): Y:/parser3project/parser3/www/htdocs/index.html(153): 'b'  [a]
[Mon Apr 29 10:10:57 2002] (null): Y:/parser3project/parser3/www/htdocs/index.html(153): 'b'  [a]
[Mon Apr 29 10:11:12 2002] (null): Y:/parser3project/parser3/www/htdocs/index.html(153): 'b'  [a]
[Mon Apr 29 10:13:13 2002] /index.cgihtml: c:/drives/y/parser3project/parser3/www/htdocs/index.cgihtml(153): 'b' <no comment> [a]
[Mon Apr 29 10:13:32 2002] (null): Y:/parser3project/parser3/www/htdocs/index.html(153): 'b' <no comment> [a]
[Mon Apr 29 10:13:43 2002] (null): Y:/parser3project/parser3/www/htdocs/index.html(153): 'b' <no comment> [a]
[Mon Apr 29 10:15:39 2002] /index.cgihtml: c:/drives/y/parser3project/parser3/www/htdocs/index.cgihtml(153): 'b' <no comment> [a]
[Mon Apr 29 10:43:50 2002] /index.cgihtml: c:/drives/y/parser3project/parser3/www/htdocs/index.cgihtml(153): 'b' <no comment> [a]
[Mon Apr 29 12:24:30 2002] /: user-request(0): 'c:/drives/y/parser3project/parser3/www/htdocs/parser3.exe/index.htm' read failed: No such file or directory (2), actual filename 'c:/drives/y/parser3project/parser3/www/htdocs/parser3.exe/index.htm' [file.missing]
[Mon Apr 29 12:25:18 2002] /news/: c:\drives\y\PARSER~3\parser3\www\cgi-bin/parser3.conf(2): 'c:\drives\y\parser3project\mysql\debug\parser3mysql.dll' can not open the module, file not found [<no type>]
[Tue Apr 30 13:45:22 2002] /t.cgihtml: c:/drives/y/parser3project/parser3/www/htdocs/t.cgihtml(7:1): 'main' invalid special name. valid names are 'CLASS', 'USE' and 'BASE' [parser.compile]
[Tue Apr 30 13:45:23 2002] /t.cgihtml: c:/drives/y/parser3project/parser3/www/htdocs/t.cgihtml(7:1): 'main' invalid special name. valid names are 'CLASS', 'USE' and 'BASE' [parser.compile]
[Tue Apr 30 13:45:27 2002] /t.cgihtml: c:/drives/y/parser3project/parser3/www/htdocs/t.cgihtml(5): 'addNode' contains illegal assignment attempt of xnode to MAIN class, use constructor [parser.runtime]
[Tue Apr 30 13:45:58 2002] /t.cgihtml: c:/drives/y/parser3project/parser3/www/htdocs/t.cgihtml(6): 'addNode' contains illegal assignment attempt of xdoc to MAIN class, use constructor [parser.runtime]
[Tue Apr 30 13:46:04 2002] /t.cgihtml: c:/drives/y/parser3project/parser3/www/htdocs/t.cgihtml(1): 'hren' (void) not a method or junction, can not call it [parser.runtime]
[Tue Apr 30 13:46:07 2002] /t.cgihtml: c:/drives/y/parser3project/parser3/www/htdocs/t.cgihtml(1): 'tree' (xdoc) not a method or junction, can not call it [parser.runtime]
[Tue Apr 30 13:46:33 2002] /t.cgihtml: c:/drives/y/parser3project/parser3/www/htdocs/t.cgihtml(5): 'addNode' contains illegal assignment attempt of xnode to MAIN class, use constructor [parser.runtime]
[Wed May 15 12:51:41 2002] /index.cgihtml: c:/drives/y/parser3project/parser3/www/htdocs/index.cgihtml(158): '4000' invalid datetime [<no type>]
[Wed May 15 12:51:46 2002] /index.cgihtml: c:/drives/y/parser3project/parser3/www/htdocs/index.cgihtml(158): '4000' invalid datetime [<no type>]
[Wed May 15 13:14:50 2002] /index.cgihtml: c:/drives/y/parser3project/parser3/www/htdocs/index.cgihtml(158): '2000' bad date format, must be either YYYY[-NN[-DD[ HH[:MM[:SS]]]]] or HH:MM[:SS] [<no type>]
[Wed May 15 13:19:06 2002] /index.cgihtml: c:/drives/y/parser3project/parser3/www/htdocs/index.cgihtml(1411:7): parse error, expecting `']'' or `';'' [parser.compile]
[Wed May 15 13:19:15 2002] /index.cgihtml: c:/drives/y/parser3project/parser3/www/htdocs/index.cgihtml(1412:4): parse error, expecting `']'' or `';'' [parser.compile]
[Wed May 15 13:19:56 2002] /index.cgihtml: c:/drives/y/parser3project/parser3/www/htdocs/index.cgihtml(1414:21): parse error, expecting `']'' or `';'' [parser.compile]
[Wed May 15 13:20:18 2002] /index.cgihtml: c:/drives/y/parser3project/parser3/www/htdocs/index.cgihtml(1418:16): parse error, expecting `']'' or `';'' [parser.compile]
[Wed May 15 13:21:04 2002] /index.cgihtml: c:/drives/y/parser3project/parser3/www/htdocs/index.cgihtml(1419:16): parse error, expecting `']'' or `';'' [parser.compile]
[Wed May 15 13:23:44 2002] /index.cgihtml: c:/drives/y/parser3project/parser3/www/htdocs/index.cgihtml(166): '15:30' invalid datetime [<no type>]
[Wed May 15 13:23:45 2002] /index.cgihtml: c:/drives/y/parser3project/parser3/www/htdocs/index.cgihtml(166): '15:30' invalid datetime [<no type>]
[Wed May 15 13:23:46 2002] /index.cgihtml: c:/drives/y/parser3project/parser3/www/htdocs/index.cgihtml(166): '15:30' invalid datetime [<no type>]
[Wed May 15 13:23:47 2002] /index.cgihtml: c:/drives/y/parser3project/parser3/www/htdocs/index.cgihtml(166): '15:30' invalid datetime [<no type>]
[Wed May 15 13:58:10 2002] /index.cgihtml: c:/drives/y/parser3project/parser3/www/htdocs/index.cgihtml(1430:24): parse error, expecting `']'' or `';'' [parser.compile]
[Wed May 15 14:06:03 2002] /index.cgihtml: c:/drives/y/parser3project/parser3/www/htdocs/index.cgihtml(1435:12): parse error, expecting `']'' or `';'' [parser.compile]
[Wed May 15 14:07:02 2002] /index.cgihtml: c:/drives/y/parser3project/parser3/www/htdocs/index.cgihtml(1436:25): parse error, expecting `']'' or `';'' [parser.compile]
[Wed May 15 17:46:05 2002] /index.cgihtml: c:/drives/y/parser3project/parser3/www/htdocs/index.cgihtml(1440:5): parse error, expecting `']'' or `';'' [parser.compile]
[Wed May 15 17:46:06 2002] /index.cgihtml: c:/drives/y/parser3project/parser3/www/htdocs/index.cgihtml(162): 'exec pafvoid' CDBException: Invalid cursor state| [sql.execute]
[Wed May 15 17:46:44 2002] : Y:/parser3project/parser3/www/htdocs/index.html(162): 'exec pafvoid' CDBException: Invalid cursor state| [sql.execute]
[Wed May 15 17:47:13 2002] : Y:/parser3project/parser3/www/htdocs/index.html(162): 'exec pafvoid' CDBException: Invalid cursor state| [sql.execute]
[Wed May 15 17:47:38 2002] : Y:/parser3project/parser3/www/htdocs/index.html(162): 'exec pafvoid' CDBException: Invalid cursor state| [sql.execute]
[Wed May 15 19:19:06 2002] /index.cgihtml: c:/drives/y/parser3project/parser3/www/htdocs/index.cgihtml(1447:18): parse error, expecting `']'' or `';'' [parser.compile]
[Mon Jun 10 17:32:01 2002] /index.cgihtml: user-request(0): 'c:/drives/y/parser3project/parser3/www/htdocs/index.cgihtml' read failed: No such file or directory (2), actual filename 'c:/drives/y/parser3project/parser3/www/htdocs/index.cgihtml' [file.missing]
[Mon Jun 10 17:32:02 2002] /index.cgihtml: user-request(0): 'c:/drives/y/parser3project/parser3/www/htdocs/index.cgihtml' read failed: No such file or directory (2), actual filename 'c:/drives/y/parser3project/parser3/www/htdocs/index.cgihtml' [file.missing]
[Mon Jun 10 17:42:27 2002] /index.cgihtml: c:/drives/y/parser3project/parser3/www/htdocs/index.cgihtml(168:1): parse error, expecting `'\"'' [parser.compile]
[Mon Jun 10 17:47:08 2002] /index.cgihtml: c:/drives/y/parser3project/parser3/www/htdocs/index.cgihtml(165): ' 2 z' invalid number (double) [number.format]
[Mon Jun 10 17:49:39 2002] /t.cgihtml: user-request(0): 'c:/drives/y/parser3project/parser3/www/htdocs/t.cgihtml' read failed: No such file or directory (2), actual filename 'c:/drives/y/parser3project/parser3/www/htdocs/t.cgihtml' [file.missing]
[Mon Jun 10 17:49:40 2002] /t.cgihtml: user-request(0): 'c:/drives/y/parser3project/parser3/www/htdocs/t.cgihtml' read failed: No such file or directory (2), actual filename 'c:/drives/y/parser3project/parser3/www/htdocs/t.cgihtml' [file.missing]
[Mon Jun 10 18:09:30 2002] /t.cgihtml: c:/drives/y/parser3project/parser3/www/htdocs/t.cgihtml(1:12): parse error, expecting `';'' or `'}'' [parser.compile]
[Tue Jun 11 15:50:12 2002] /paf.cgihtml: user-request(0): 'c:/drives/y/parser3project/parser3/www/htdocs/paf.cgihtml' read failed: No such file or directory (2), actual filename 'c:/drives/y/parser3project/parser3/www/htdocs/paf.cgihtml' [file.missing]
[Tue Jun 11 18:05:57 2002] /index.cgihtml: c:/drives/y/parser3project/parser3/www/htdocs/index.cgihtml(1498:25): parse error, expecting `']'' or `';'' [parser.compile]
[Tue Jun 11 18:06:12 2002] /index.cgihtml: c:/drives/y/parser3project/parser3/www/htdocs/index.cgihtml(1501:14): parse error, expecting `']'' or `';'' [parser.compile]
[Wed Jun 12 14:35:05 2002] /index.cgihtml: c:\drives\y\PARSER~3\parser3\www\cgi-bin/parser3.conf(14): 'windows-1251' unknown charset [parser.runtime]
[Wed Jun 12 14:35:05 2002] /index.cgihtml: c:\drives\y\PARSER~3\parser3\www\cgi-bin/parser3.conf(14): 'windows-1251' unknown charset [parser.runtime]
[Wed Jun 12 14:41:48 2002] /index.cgihtml: c:\drives\y\PARSER~3\parser3\www\cgi-bin/parser3.conf(14): 'windows-1251' unknown charset [parser.runtime]
[Wed Jun 12 14:41:57 2002] /index.cgihtml: c:\drives\y\PARSER~3\parser3\www\cgi-bin/parser3.conf(14): 'windows-1251' unknown charset [parser.runtime]
[Wed Jun 12 14:41:58 2002] /index.cgihtml: c:\drives\y\PARSER~3\parser3\www\cgi-bin/parser3.conf(14): 'windows-1251' unknown charset [parser.runtime]
[Wed Jun 12 14:42:04 2002] /index.cgihtml: c:\drives\y\PARSER~3\parser3\www\cgi-bin/parser3.conf(14): 'windows-1251' unknown charset [parser.runtime]
[Wed Jun 12 14:48:27 2002] /index.cgihtml: parser already configured [parser.runtime]
[Wed Jun 12 14:49:19 2002] /index.cgihtml: c:\drives\y\PARSER~3\parser3\www\cgi-bin/parser3.conf(1): 'hi' parser already configured [parser.runtime]
[Wed Jun 12 14:49:59 2002] /index.cgihtml: parser already configured [parser.runtime]
[Wed Jun 12 14:52:55 2002] /index.cgihtml: parser already configured [parser.runtime]
[Wed Jun 12 14:52:57 2002] /index.cgihtml: c:\drives\y\PARSER~3\parser3\www\cgi-bin/parser3.conf(2): 'z' parser already configured [parser.runtime]
[Wed Jun 12 14:53:00 2002] /index.cgihtml: parser already configured [parser.runtime]
[Wed Jun 12 14:53:04 2002] /index.cgihtml: parser already configured [parser.runtime]
[Wed Jun 12 14:53:44 2002] /index.cgihtml: c:\drives\y\PARSER~3\parser3\www\cgi-bin/parser3.conf(14): 'windows-1251' unknown charset [parser.runtime]
[Wed Jun 12 14:53:55 2002] /index.cgihtml: c:\drives\y\PARSER~3\parser3\www\cgi-bin/parser3.conf(2): 'cx:\drives/y\parser3project\parser3\etc\parser3.charsets\windows-1251.cfg' read failed: Invalid argument (22), actual filename 'cx:\drives/y\parser3project\parser3\etc\parser3.charsets\windows-1251.cfg' [<no type>]
[Wed Jun 12 14:55:23 2002] /index.cgihtml: parser already configured [parser.runtime]
[Wed Jun 12 14:55:30 2002] /index.cgihtml: parser already configured [parser.runtime]
[Wed Jun 12 15:03:38 2002] /index.cgihtml: parser already configured [parser.runtime]
[Wed Jun 12 15:13:33 2002] /index.cgihtml: c:\drives\y\PARSER~3\parser3\www\cgi-bin/parser3.conf(0): 'conf' parser already configured [parser.runtime]
[Wed Jun 12 15:21:56 2002] /index.cgihtml: c:\drives\y\PARSER~3\parser3\www\cgi-bin/parser3.conf(0): 'conf' parser already configured [parser.runtime]
[Wed Jun 12 15:25:24 2002] /index.cgihtml: c:\drives\y\PARSER~3\parser3\www\cgi-bin/parser3.conf(0): 'conf' parser already configured [parser.runtime]
[Wed Jun 12 15:25:32 2002] /index.cgihtml: c:\drives\y\PARSER~3\parser3\www\cgi-bin/parser3.conf(0): 'conf' parser already configured [parser.runtime]
[Wed Jun 12 15:25:34 2002] /index.cgihtml: c:\drives\y\PARSER~3\parser3\www\cgi-bin/parser3.conf(0): 'conf' parser already configured [parser.runtime]
[Wed Jun 12 18:02:29 2002] /index.cgihtml: c:\drives\y\PARSER~3\parser3\www\cgi-bin/parser3.conf(98): 'windows-1251' unknown charset [parser.runtime]
[Tue Jun 18 15:04:28 2002] /index.cgihtml: c:/drives/y/parser3project/parser3/www/htdocs/index.cgihtml(293): 'bad' not safe environment variable [parser.runtime]
[Tue Jun 18 15:07:29 2002] /index.cgihtml: c:/drives/y/parser3project/parser3/www/htdocs/index.cgihtml(1629:1): parse error, expecting `']'' or `';'' [parser.compile]
[Tue Jun 18 15:08:02 2002] /index.cgihtml: c:/drives/y/parser3project/parser3/www/htdocs/index.cgihtml(293): 'bad' not safe environment variable [parser.runtime]
[Thu Jun 20 18:36:40 2002] : Y:/parser3project/parser3/www/htdocs/index.html(1634:25): parse error, expecting `']'' or `';'' [parser.compile]
[Thu Jun 20 18:43:30 2002] /index.cgihtml: c:/drives/y/parser3project/parser3/www/htdocs/index.cgihtml(4): 'test' (null) [user]
[Thu Jun 20 18:44:39 2002] /index.cgihtml: c:/drives/y/parser3project/parser3/www/htdocs/index.cgihtml(4): 'test' <no comment> [user]
[Thu Jun 20 18:44:50 2002] /index.cgihtml: c:/drives/y/parser3project/parser3/www/htdocs/index.cgihtml(4): 'a' <no comment> [user]
[Thu Jun 20 18:44:56 2002] /index.cgihtml: user-request(0): 'c:/drives/y/parser3project/parser3/www/htdocs/index.cgihtml' <no comment> [user]
[Thu Jun 20 18:45:11 2002] /index.cgihtml: path-translated-scanned(0): 'c:/drives/y/parser3project/parser3/www/htdocs/auto.p' <no comment> [user]
[Thu Jun 20 18:45:27 2002] /index.cgihtml: user-request(0): 'c:/drives/y/parser3project/parser3/www/htdocs/index.cgihtml' <no comment> [user]
[Thu Jun 20 18:45:41 2002] /index.cgihtml: config(0): 'c:\drives\y\PARSER~3\parser3\www\cgi-bin/auto.p' <no comment> [user]
[Thu Jun 20 18:45:42 2002] /index.cgihtml: config(0): 'c:\drives\y\PARSER~3\parser3\www\cgi-bin/auto.p' <no comment> [user]
[Thu Jun 20 18:45:57 2002] /index.cgihtml: user-request(0): 'c:/drives/y/parser3project/parser3/www/htdocs/index.cgihtml' <no comment> [user]
[Thu Jun 20 18:46:12 2002] /index.cgihtml: config(0): 'c:\drives\y\PARSER~3\parser3\www\cgi-bin/auto.p' <no comment> [user]
[Thu Jun 20 18:46:16 2002] /index.cgihtml: user-request(0): 'c:/drives/y/parser3project/parser3/www/htdocs/index.cgihtml' <no comment> [user]
[Thu Jun 20 18:58:26 2002] /index.cgihtml: user-request(0): 'c:/drives/y/parser3project/parser3/www/htdocs/index.cgihtml' <no comment> [user]
[Thu Jun 20 18:58:38 2002] /index.cgihtml: path-translated-scanned(0): 'c:/drives/y/parser3project/parser3/www/htdocs/auto.p' <no comment> [user]
[Thu Jun 20 19:02:05 2002] /index.cgihtml: c:/drives/y/parser3project/parser3/www/htdocs/index.cgihtml(1636:11): parse error, expecting `']'' or `';'' [parser.compile]
[Thu Jun 20 19:02:20 2002] /index.cgihtml: c:/drives/y/parser3project/parser3/www/htdocs/index.cgihtml(1636:24): parse error, expecting `']'' or `';'' [parser.compile]
[Thu Jun 20 19:16:21 2002] /index.cgihtml: c:/drives/y/parser3project/parser3/www/htdocs/index.cgihtml(1638:2): parse error, expecting `']'' or `';'' [parser.compile]
[Thu Jun 20 19:16:48 2002] /index.cgihtml: c:/drives/y/parser3project/parser3/www/htdocs/index.cgihtml(1639:16): parse error, expecting `']'' or `';'' [parser.compile]
[Thu Jun 20 19:18:36 2002] /index.cgihtml: c:/drives/y/parser3project/parser3/www/htdocs/index.cgihtml(1640:7): parse error, expecting `']'' or `';'' [parser.compile]
[Thu Jun 20 19:19:33 2002] /index.cgihtml: c:/drives/y/parser3project/parser3/www/htdocs/index.cgihtml(1641:12): parse error, expecting `']'' or `';'' [parser.compile]
[Thu Jun 20 19:23:23 2002] /index.cgihtml: c:/drives/y/parser3project/parser3/www/htdocs/index.cgihtml(1642:14): parse error, expecting `']'' or `';'' [parser.compile]
[Fri Jun 21 16:08:54 2002] /index.cgihtml: c:/drives/y/parser3project/parser3/www/htdocs/index.cgihtml(1647:20): parse error, expecting `']'' or `';'' [parser.compile]
[Fri Jun 21 16:12:51 2002] /index.cgihtml: c:/drives/y/parser3project/parser3/www/htdocs/index.cgihtml(189): 'crypt' salt must start with '$apr1$' [parser.runtime]
[Fri Jun 21 16:13:17 2002] /index.cgihtml: c:/drives/y/parser3project/parser3/www/htdocs/index.cgihtml(189): 'crypt' salt must start with '$apr1$' [parser.runtime]
[Fri Jun 21 16:13:18 2002] /index.cgihtml: c:/drives/y/parser3project/parser3/www/htdocs/index.cgihtml(189): 'crypt' salt must start with '$apr1$' [parser.runtime]
[Sat Jun 22 19:22:20 2002] : user-request(0): 'Y:/parser3project/parser3/www/cgi-bin/tests/-m' read failed: No such file or directory (2), actual filename 'Y:/parser3project/parser3/www/cgi-bin/tests/-m' [file.missing]
[Sat Jun 22 19:23:44 2002] : Y:/parser3project/parser3/www/cgi-bin/auto.p(0): 'conf' parser already configured [parser.runtime]
[Sat Jun 22 19:23:58 2002] : Y:/parser3project/parser3/www/cgi-bin/auto.p(0): 'conf' parser already configured [parser.runtime]
[Sat Jun 22 19:24:10 2002] : Y:/parser3project/parser3/www/cgi-bin/auto.p(0): 'conf' parser already configured [parser.runtime]
[Sat Jun 22 19:24:28 2002] : Y:/parser3project/parser3/www/cgi-bin/auto.p(0): 'conf' parser already configured [parser.runtime]
[Sat Jun 22 19:40:13 2002] : Y:/parser3project/parser3/www/cgi-bin/tests/test.html(2:-1): parse error, expecting `STRING' or `'['' or `'$'' [parser.compile]
[Sat Jun 22 19:52:10 2002] : Y:/parser3project/parser3/www/cgi-bin/tests/test.html(1): 'value' contains illegal assignment attempt of date to MAIN method_frame, use constructor [parser.runtime]
[Sat Jun 22 19:52:13 2002] : Y:/parser3project/parser3/www/cgi-bin/tests/test.html(1): 'value' contains illegal assignment attempt of date to MAIN method_frame, use constructor [parser.runtime]
[Sun Jun 23 00:03:00 2002] : Y:/parser3project/parser3/www/cgi-bin/tests/test.html(8): 'param' contains illegal assignment attempt of hash to MAIN method_frame, use constructor [parser.runtime]
[Sun Jun 23 00:03:16 2002] : Y:/parser3project/parser3/www/cgi-bin/tests/test.html(8): 'param' contains illegal assignment attempt of hash to MAIN method_frame, use constructor [parser.runtime]
[Sun Jun 23 00:04:53 2002] : Y:/parser3project/parser3/www/cgi-bin/tests/test.html(11): 'value' contains illegal assignment attempt of hash to MAIN method_frame, use constructor [parser.runtime]
[Sun Jun 23 00:21:20 2002] : Y:/parser3project/parser3/www/cgi-bin/tests/test.html(8): 'param' contains illegal assignment attempt of file to MAIN code_frame, use constructor [parser.runtime]
[Mon Jun 24 10:26:04 2002] : (hash) has no string representation [parser.runtime]
[Mon Jun 24 10:27:51 2002] : user-request(0): 'Y:/parser3project/parser3/www/cgi-bin/tests/simple.html' read failed: No such file or directory (2), actual filename 'Y:/parser3project/parser3/www/cgi-bin/tests/simple.html' [file.missing]
[Mon Jun 24 10:46:05 2002] : Y:/parser3project/parser3/www/cgi-bin/tests/text.html(12:-1): parse error, expecting `';'' or `')'' [parser.compile]
[Mon Jun 24 10:46:46 2002] : Y:/parser3project/parser3/www/cgi-bin/tests/text.html(12:-1): parse error, expecting `';'' or `')'' [parser.compile]
[Mon Jun 24 10:46:57 2002] : Y:/parser3project/parser3/www/cgi-bin/tests/text.html(12:-1): parse error, expecting `';'' or `')'' [parser.compile]
[Mon Jun 24 10:47:03 2002] : Y:/parser3project/parser3/www/cgi-bin/tests/text.html(12:-1): parse error, expecting `';'' or `')'' [parser.compile]
[Mon Jun 24 10:50:49 2002] : Y:/parser3project/parser3/www/cgi-bin/tests/text.html(8): 'file' contains illegal assignment attempt of hash to MAIN method_frame, use constructor [parser.runtime]
[Mon Jun 24 10:52:19 2002] : user-request(0): 'Y:/parser3project/parser3/www/cgi-bin/tests/test.html' read failed: No such file or directory (2), actual filename 'Y:/parser3project/parser3/www/cgi-bin/tests/test.html' [file.missing]
[Mon Jun 24 10:53:00 2002] : Y:/parser3project/parser3/www/cgi-bin/tests/simple.html(16:1): parse error, expecting `';'' or `'}'' [parser.compile]
[Mon Jun 24 14:28:29 2002] : Y:/parser3project/parser3/www/cgi-bin/tests/send.html(1): 'text' (void) not a method or junction, can not call it [parser.runtime]
[Mon Jun 24 14:28:41 2002] : Array::get(0) out of range [0..-1] [<no type>]
[Mon Jun 24 14:35:41 2002] : Array::get(0) out of range [0..-1] [<no type>]
[Mon Jun 24 14:55:27 2002] : Y:/parser3project/parser3/www/cgi-bin/tests/send.html(40): 'load' native method of file (stateless_class) accepts minimum 2 parameter(s) (1 present) [parser.runtime]
[Mon Jun 24 14:55:29 2002] : Y:/parser3project/parser3/www/cgi-bin/tests/send.html(40): 'load' native method of file (stateless_class) accepts minimum 2 parameter(s) (1 present) [parser.runtime]
[Mon Jun 24 14:55:42 2002] : getting value of stat-ed file [parser.runtime]
[Mon Jun 24 15:00:43 2002] : user-request(0): 'Y:/parser3project/parser3/www/htdocs/send.html' read failed: No such file or directory (2), actual filename 'Y:/parser3project/parser3/www/htdocs/send.html' [file.missing]
[Mon Jun 24 15:00:51 2002] : user-request(0): 'Y:/parser3project/parser3/www/htdocs/send.html' read failed: No such file or directory (2), actual filename 'Y:/parser3project/parser3/www/htdocs/send.html' [file.missing]
[Mon Jun 24 15:01:04 2002] : Y:/parser3project/parser3/www/htdocs/index.html(254): 'Y:/parser3project/parser3/www/htdocs/image.jpg' read failed: No such file or directory (2), actual filename 'Y:/parser3project/parser3/www/htdocs/image.jpg' [file.missing]
[Mon Jun 24 15:03:54 2002] : user-request(0): 'Y:/parser3project/parser3/www/htdocs/send.html' read failed: No such file or directory (2), actual filename 'Y:/parser3project/parser3/www/htdocs/send.html' [file.missing]
[Mon Jun 24 15:04:03 2002] : Y:/parser3project/parser3/www/htdocs/index.html(244): 'send' html part value must be code [parser.runtime]
[Mon Jun 24 15:04:22 2002] : junction used outside of context [parser.runtime]
[Mon Jun 24 15:05:27 2002] : junction used outside of context [parser.runtime]
[Mon Jun 24 15:05:32 2002] : junction used outside of context [parser.runtime]
[Mon Jun 24 15:05:53 2002] : Y:/parser3project/parser3/www/htdocs/index.html(206): 'send' html part value must be code [parser.runtime]
[Mon Jun 24 15:07:13 2002] : (junction) has no string representation [parser.runtime]
[Mon Jun 24 15:22:43 2002] : junction used outside of context [parser.runtime]
[Mon Jun 24 15:24:15 2002] : user-request(0): 'Y:/parser3project/parser3/www/index.html' read failed: No such file or directory (2), actual filename 'Y:/parser3project/parser3/www/index.html' [file.missing]
[Mon Jun 24 15:26:41 2002] : Y:/parser3project/parser3/www/htdocs/index.html(242): 'send' text part has no $value [parser.runtime]
[Mon Jun 24 15:28:01 2002] : Y:/parser3project/parser3/www/htdocs/index.html(242): 'send' html part has no $value [parser.runtime]
[Mon Jun 24 15:28:57 2002] : Y:/parser3project/parser3/www/htdocs/index.html(202): 'value' is neither text# nor attach# [parser.runtime]
[Mon Jun 24 15:43:55 2002] : Y:/parser3project/parser3/www/htdocs/index.html(250): 'send' $MAIN:MAIL.SMTP not defined [parser.runtime]
[Mon Jun 24 15:44:25 2002] : Y:/parser3project/parser3/www/htdocs/index.html(250): 'send' html part value must be code [parser.runtime]
[Mon Jun 24 22:28:57 2002] /index.cgihtml: happened [shit]
[Mon Jun 24 22:30:54 2002] /index.cgihtml: happened [shit]
[Mon Jun 24 22:31:37 2002] /index.cgihtml: happened [shit]
[Mon Jun 24 22:31:59 2002] /index.cgihtml: happened [shit]
[Tue Jun 25 17:25:52 2002] /index.cgihtml: c:/drives/y/parser3project/parser3/www/htdocs/index.cgihtml(1742:12): parse error, expecting `']'' or `';'' [parser.compile]
[Tue Jun 25 17:25:53 2002] /index.cgihtml: c:/drives/y/parser3project/parser3/www/htdocs/index.cgihtml(284): 'crypt' salt must start with '$apr1$' [parser.runtime]
[Tue Jun 25 17:26:04 2002] /index.cgihtml: c:/drives/y/parser3project/parser3/www/htdocs/index.cgihtml(284): 'crypt' salt must start with '$apr1$' [parser.runtime]
[Tue Jun 25 17:26:15 2002] /index.cgihtml: c:/drives/y/parser3project/parser3/www/htdocs/index.cgihtml(284): 'crypt' salt must start with '$apr1$' [parser.runtime]
[Tue Jun 25 17:26:16 2002] /index.cgihtml: c:/drives/y/parser3project/parser3/www/htdocs/index.cgihtml(284): 'crypt' salt must start with '$apr1$' [parser.runtime]
[Tue Jun 25 18:56:38 2002] /index.cgihtml: c:/drives/y/parser3project/parser3/www/htdocs/index.cgihtml(1750:16): parse error, expecting `STRING' or `'['' or `'$'' [parser.compile]
[Tue Jun 25 18:56:40 2002] /index.cgihtml: c:/drives/y/parser3project/parser3/www/htdocs/index.cgihtml(235): 'transform' Error Y:\gnome\libxml2-2.4.12\xpath.c:7165: Invalid expression||^|Error Y:\gnome\libxml2-2.4.12\xpath.c:7165: Invalid expression||^|Error Y:\gnome\libxml2-2.4.12\xpath.c:7165: Invalid expression||^| [xml]
[Tue Jun 25 18:57:11 2002] /index.cgihtml: c:/drives/y/parser3project/parser3/www/htdocs/index.cgihtml(200): 'create' Entity: line 33: error: End tag : expected '>'||^| [xml]
[Tue Jun 25 18:57:16 2002] /index.cgihtml: c:/drives/y/parser3project/parser3/www/htdocs/index.cgihtml(235): 'transform' Error Y:\gnome\libxml2-2.4.12\xpath.c:7165: Invalid expression||^|Error Y:\gnome\libxml2-2.4.12\xpath.c:7165: Invalid expression||^|Error Y:\gnome\libxml2-2.4.12\xpath.c:7165: Invalid expression||^| [xml]
[Tue Jun 25 19:15:14 2002] /index.cgihtml: c:/drives/y/parser3project/parser3/www/htdocs/index.cgihtml(1807:2): parse error, expecting `']'' or `';'' [parser.compile]
[Tue Jun 25 19:15:15 2002] /index.cgihtml: c:/drives/y/parser3project/parser3/www/htdocs/index.cgihtml(237): 'transform' compilation error: element import|xsltParseStylesheetTop: ignoring misplaced import element| [xml]
[Tue Jun 25 19:15:23 2002] /index.cgihtml: c:/drives/y/parser3project/parser3/www/htdocs/index.cgihtml(238): 'transform' warning: failed to load external entity "loading.xsl"|compilation error: element import|xsl:import : unable to load loading.xsl| [xml]
[Tue Jun 25 19:15:52 2002] /index.cgihtml: c:/drives/y/parser3project/parser3/www/htdocs/index.cgihtml(238): 'transform' warning: failed to load external entity "html.xsl"|compilation error: element import|xsl:import : unable to load html.xsl| [xml]
[Tue Jun 25 19:16:06 2002] /index.cgihtml: c:/drives/y/parser3project/parser3/www/htdocs/index.cgihtml(1807:10): parse error, expecting `']'' or `';'' [parser.compile]
[Tue Jun 25 19:16:07 2002] /index.cgihtml: c:/drives/y/parser3project/parser3/www/htdocs/index.cgihtml(238): 'transform' warning: failed to load external entity "/c/drives/y/parser3project/parser3/www/htdocs/html.xsl"|compilation error: element import|xsl:import : unable to load /c/drives/y/parser3project/parser3/www/htdocs/html.xsl| [xml]
[Tue Jun 25 19:16:22 2002] /index.cgihtml: c:/drives/y/parser3project/parser3/www/htdocs/index.cgihtml(238): 'transform' http://localhost/entities.xsl:1: error: Content error in the external subset|<!DOCTYPE HTML PUBLIC "-//W3C//DTD HTML 3.2 Final//EN">|^|http://localhost/entities.xsl:1: error: Extra content at the end of the document|<!DOCTYPE HTML PUBLIC "-//W3C//DTD HTML 3.2 Final//EN">|^|http://localhost/html.xsl:25: error: Entity 'laquo' not defined| <xsl:template match="q">&laquo;<xsl:value-of select="text()" />&raquo;</xsl:te|                                ^|http://localhost/html.xsl:25: error: Entity 'raquo' not defined| <xsl:template match="q">&laquo;<xsl:value-of select="text()" />&raquo;</xsl:te|                                                                       ^|compilation error: element import|xsl:import : unable to load http://localhost/html.xsl| [xml]
[Tue Jun 25 19:18:04 2002] /index.cgihtml: c:/drives/y/parser3project/parser3/www/htdocs/index.cgihtml(1808:16): parse error, expecting `']'' or `';'' [parser.compile]
[Tue Jun 25 19:18:05 2002] /index.cgihtml: c:/drives/y/parser3project/parser3/www/htdocs/index.cgihtml(239): 'transform' warning: failed to load external entity "html.xsl"|compilation error: element import|xsl:import : unable to load html.xsl| [xml]
[Tue Jun 25 19:21:03 2002] /index.cgihtml: c:/drives/y/parser3project/parser3/www/htdocs/index.cgihtml(1811:2): parse error, expecting `']'' or `';'' [parser.compile]
[Tue Jun 25 19:21:03 2002] /index.cgihtml: c:/drives/y/parser3project/parser3/www/htdocs/index.cgihtml(242): 'transform' warning: failed to load external entity "html.xsl"|compilation error: element import|xsl:import : unable to load html.xsl| [xml]
[Tue Jun 25 19:21:38 2002] /index.cgihtml: c:/drives/y/parser3project/parser3/www/htdocs/index.cgihtml(1813:9): parse error, expecting `']'' or `';'' [parser.compile]
[Tue Jun 25 19:21:39 2002] /index.cgihtml: c:/drives/y/parser3project/parser3/www/htdocs/index.cgihtml(243): 'transform' http://localhost/entities.xsl:1: error: Content error in the external subset|<!DOCTYPE HTML PUBLIC "-//W3C//DTD HTML 3.2 Final//EN">|^|http://localhost/entities.xsl:1: error: Extra content at the end of the document|<!DOCTYPE HTML PUBLIC "-//W3C//DTD HTML 3.2 Final//EN">|^|http://localhost/html.xsl:25: error: Entity 'laquo' not defined| <xsl:template match="q">&laquo;<xsl:value-of select="text()" />&raquo;</xsl:te|                                ^|http://localhost/html.xsl:25: error: Entity 'raquo' not defined| <xsl:template match="q">&laquo;<xsl:value-of select="text()" />&raquo;</xsl:te|                                                                       ^|compilation error: element import|xsl:import : unable to load http://localhost/html.xsl| [xml]
[Tue Jun 25 19:22:06 2002] /index.cgihtml: c:/drives/y/parser3project/parser3/www/htdocs/index.cgihtml(243): 'transform' c:///drives/y/parser3project/parser3/www/htdocs/html.xsl:3: warning: failed to load external entity "c:///drives/y/parser3project/parser3/www/htdocs/entities.xsl"|<!DOCTYPE xsl:stylesheet SYSTEM "entities.xsl">|                                              ^|c:///drives/y/parser3project/parser3/www/htdocs/html.xsl:25: error: Entity 'laquo' not defined| <xsl:template match="q">&laquo;<xsl:value-of select="text()" />&raquo;</xsl:te|                                ^|c:///drives/y/parser3project/parser3/www/htdocs/html.xsl:25: error: Entity 'raquo' not defined| <xsl:template match="q">&laquo;<xsl:value-of select="text()" />&raquo;</xsl:te|                                                                       ^| [xml]
[Tue Jun 25 19:22:08 2002] /index.cgihtml: c:/drives/y/parser3project/parser3/www/htdocs/index.cgihtml(243): 'transform' c:///drives/y/parser3project/parser3/www/htdocs/html.xsl:3: warning: failed to load external entity "c:///drives/y/parser3project/parser3/www/htdocs/entities.xsl"|<!DOCTYPE xsl:stylesheet SYSTEM "entities.xsl">|                                              ^|c:///drives/y/parser3project/parser3/www/htdocs/html.xsl:25: error: Entity 'laquo' not defined| <xsl:template match="q">&laquo;<xsl:value-of select="text()" />&raquo;</xsl:te|                                ^|c:///drives/y/parser3project/parser3/www/htdocs/html.xsl:25: error: Entity 'raquo' not defined| <xsl:template match="q">&laquo;<xsl:value-of select="text()" />&raquo;</xsl:te|                                                                       ^| [xml]
[Tue Jun 25 19:58:55 2002] /index.cgihtml: c:/drives/y/parser3project/parser3/www/htdocs/index.cgihtml(1816:12): parse error, expecting `']'' or `';'' [parser.compile]
[Wed Jun 26 12:41:41 2002] /cgi-bin/parser3: read failed: No such file or directory (2), actual filename '' [file.missing]
[Wed Jun 26 12:54:19 2002] /cgi-bin/parser3: read failed: No such file or directory (2), actual filename '' [file.missing]
[Wed Jun 26 12:54:20 2002] /cgi-bin/parser3: read failed: No such file or directory (2), actual filename '' [file.missing]
[Wed Jun 26 12:54:50 2002] Parser/3.0.HEAD
[Thu Jun 27 12:32:27 2002] /index.cgihtml: c:/drives/y/parser3project/parser3/www/htdocs/index.cgihtml(248): 'transform' http://localhost/Z/html.xsl:1: error: Space required after the Public Identifier|<!DOCTYPE HTML PUBLIC "-//W3C//DTD HTML 3.2 Final//EN">|                                                     ^|http://localhost/Z/html.xsl:1: error: SystemLiteral " or ' expected|<!DOCTYPE HTML PUBLIC "-//W3C//DTD HTML 3.2 Final//EN">|                                                     ^|http://localhost/Z/html.xsl:1: error: xmlParseExternalID: PUBLIC, no URI|<!DOCTYPE HTML PUBLIC "-//W3C//DTD HTML 3.2 Final//EN">|                                                     ^|http://localhost/Z/html.xsl:2: error: AttValue: " or ' expected|<html dir=ltr>|          ^|http://localhost/Z/html.xsl:2: error: attributes construct error|<html dir=ltr>|          ^|http://localhost/Z/html.xsl:2: error: Specification mandate value for attribute ltr|<html dir=ltr>|             ^|http://localhost/Z/html.xsl:15: error: Opening and ending tag mismatch: META 
[Thu Jun 27 12:40:37 2002] /index.cgihtml: c:/drives/y/parser3project/parser3/www/htdocs/index.cgihtml(205): 'create' Entity: line 41: error: End tag : expected '>'||^| [xml]
[Thu Jun 27 12:40:46 2002] /index.cgihtml: c:/drives/y/parser3project/parser3/www/htdocs/index.cgihtml(205): 'create' Entity: line 41: error: Premature end of data in tag pply-templates/>|    	<hr/>|  ||^| [xml]
[Thu Jun 27 12:40:59 2002] /index.cgihtml: c:/drives/y/parser3project/parser3/www/htdocs/index.cgihtml(205): 'create' Entity: line 13: error: Opening and ending tag mismatch: xsl:pazram and xsl:param|<xsl:pazram name="param2">defparam2</xsl:param>|                                              ^| [xml]
[Thu Jun 27 12:44:33 2002] /index.cgihtml: c:/drives/y/parser3project/parser3/www/htdocs/index.cgihtml(246): 'transform' warning: failed to load external entity "html.xsl"|compilation error: element import|xsl:import : unable to load html.xsl| [xml]
[Thu Jun 27 15:04:40 2002] /index.cgihtml: c:/drives/y/parser3project/parser3/www/htdocs/index.cgihtml(197): 'xdoc' class is undefined [parser.runtime]
[Thu Jun 27 15:04:41 2002] /index.cgihtml: c:/drives/y/parser3project/parser3/www/htdocs/index.cgihtml(197): 'xdoc' class is undefined [parser.runtime]
[Thu Jun 27 15:31:32 2002] /index.cgihtml: c:/drives/y/parser3project/parser3/www/htdocs/index.cgihtml(246): 'transform' warning: failed to load external entity "html.xsl"|compilation error: file  element import|xsl:import : unable to load html.xsl| [xml]
[Thu Jun 27 15:32:21 2002] : Y:/parser3project/parser3/www/htdocs/index.html(244): 'transform' warning: failed to load external entity "html.xsl"|compilation error: file  element import|xsl:import : unable to load html.xsl| [xml]
[Thu Jun 27 15:37:45 2002] /index.cgihtml: c:/drives/y/parser3project/parser3/www/htdocs/index.cgihtml(246): 'transform' warning: failed to load external entity "c%3A/drives/y/parser3project/parser3/www/html.xsl"|compilation error: file c%3A/drives/y/parser3project/parser3/www/htdocs//../ element import|xsl:import : unable to load c%3A/drives/y/parser3project/parser3/www/html.xsl| [xml]
[Thu Jun 27 15:38:37 2002] /index.cgihtml: c:/drives/y/parser3project/parser3/www/htdocs/index.cgihtml(246): 'transform' warning: failed to load external entity "c:///drives/y/parser3project/parser3/www/html.xsl"|compilation error: file c:/drives/y/parser3project/parser3/www/htdocs//../ element import|xsl:import : unable to load c:///drives/y/parser3project/parser3/www/html.xsl| [xml]
[Thu Jun 27 15:38:47 2002] /index.cgihtml: c:/drives/y/parser3project/parser3/www/htdocs/index.cgihtml(246): 'transform' c:///drives/y/parser3project/parser3/www/html.xsl:3: warning: failed to load external entity "c:///drives/y/parser3project/parser3/www/entities.xsl"|<!DOCTYPE xsl:stylesheet SYSTEM "entities.xsl">|                                              ^|c:///drives/y/parser3project/parser3/www/html.xsl:25: error: Entity 'laquo' not defined| <xsl:template match="q">&laquo;<xsl:value-of select="text()" />&raquo;</xsl:te|                                ^|c:///drives/y/parser3project/parser3/www/html.xsl:25: error: Entity 'raquo' not defined| <xsl:template match="q">&laquo;<xsl:value-of select="text()" />&raquo;</xsl:te|                                                                       ^| [xml]
[Thu Jun 27 15:38:47 2002] /index.cgihtml: c:/drives/y/parser3project/parser3/www/htdocs/index.cgihtml(246): 'transform' c:///drives/y/parser3project/parser3/www/html.xsl:3: warning: failed to load external entity "c:///drives/y/parser3project/parser3/www/entities.xsl"|<!DOCTYPE xsl:stylesheet SYSTEM "entities.xsl">|                                              ^|c:///drives/y/parser3project/parser3/www/html.xsl:25: error: Entity 'laquo' not defined| <xsl:template match="q">&laquo;<xsl:value-of select="text()" />&raquo;</xsl:te|                                ^|c:///drives/y/parser3project/parser3/www/html.xsl:25: error: Entity 'raquo' not defined| <xsl:template match="q">&laquo;<xsl:value-of select="text()" />&raquo;</xsl:te|                                                                       ^| [xml]
[Thu Jun 27 15:38:56 2002] /index.cgihtml: c:/drives/y/parser3project/parser3/www/htdocs/index.cgihtml(246): 'transform' warning: failed to load external entity "c:///drives/y/parser3project/parser3/www/html.xsl"|compilation error: file c:/drives/y/parser3project/parser3/www/htdocs//../ element import|xsl:import : unable to load c:///drives/y/parser3project/parser3/www/html.xsl| [xml]
[Thu Jun 27 15:48:25 2002] /index.cgihtml: c:/drives/y/parser3project/parser3/www/htdocs/index.cgihtml(246): 'transform' warning: failed to load external entity "c:///drives/y/parser3project/parser3/www/htdocs/a/html.xsl"|compilation error: file c:/drives/y/parser3project/parser3/www/htdocs/index.cgihtml element import|xsl:import : unable to load c:///drives/y/parser3project/parser3/www/htdocs/a/html.xsl| [xml]
[Thu Jun 27 15:48:39 2002] /index.cgihtml: c:/drives/y/parser3project/parser3/www/htdocs/index.cgihtml(246): 'transform' warning: failed to load external entity "c:///drives/y/parser3project/parser3/www/html.xsl"|compilation error: file c:/drives/y/parser3project/parser3/www/htdocs/index.cgihtml element import|xsl:import : unable to load c:///drives/y/parser3project/parser3/www/html.xsl| [xml]
[Thu Jun 27 15:48:55 2002] /index.cgihtml: c:/drives/y/parser3project/parser3/www/htdocs/index.cgihtml(246): 'transform' warning: failed to load external entity "c:///drives/y/parser3project/parser3/html.xsl"|compilation error: file c:/drives/y/parser3project/parser3/www/htdocs/index.cgihtml element import|xsl:import : unable to load c:///drives/y/parser3project/parser3/html.xsl| [xml]
[Thu Jun 27 15:49:01 2002] /index.cgihtml: c:/drives/y/parser3project/parser3/www/htdocs/index.cgihtml(246): 'transform' warning: failed to load external entity "c:///drives/y/parser3project/parser3/www/html.xsl"|compilation error: file c:/drives/y/parser3project/parser3/www/htdocs/index.cgihtml element import|xsl:import : unable to load c:///drives/y/parser3project/parser3/www/html.xsl| [xml]
[Thu Jun 27 15:49:19 2002] /index.cgihtml: c:/drives/y/parser3project/parser3/www/htdocs/index.cgihtml(246): 'transform' warning: failed to load external entity "c:///drives/y/parser3project/parser3/www/html.xsl"|compilation error: file c:/drives/y/parser3project/parser3/www/htdocs//../ element import|xsl:import : unable to load c:///drives/y/parser3project/parser3/www/html.xsl| [xml]
[Thu Jul 11 11:18:57 2002] : $mail:MAIL is not hash [parser.runtime]
[Thu Jul 11 11:19:06 2002] : $mail:MAIL is not hash [parser.runtime]
[Thu Jul 11 11:19:31 2002] : $mail:MAIL is not hash [parser.runtime]
[Thu Jul 11 11:20:52 2002] file:exec: Can't open perl script "Y:/parser3project/parser3/www/htdocs/script.plxxxx": No such file or directory |
[Thu Jul 11 11:46:14 2002] : Y:/parser3project/parser3/www/htdocs/dep.html(0): 'Y:/parser3project/parser3/www/htdocs/script.pl' (real command line="Y:/parser3project/parser3/www/htdocs/script.pl xxxx") exec failed - лллллллллллллллллллллллллллллллллллллллллллллллллллллллллллллллллллллллллллллллллллллллллллллллллллллллллллллллллллллллллллллллллллллллллллллллллллллллллллллллллллллллллллллллллллллллллллллллллллллллллллллллллллллллллллллллллллллллллллллллллллллллллллллллллллллллллллллллллллллллллллллллллллллллллллллллллллллллллллллллллллллллллллллллллллллллллллллллллллллллллллллллллллллллллллллллллллллллллллллллллллллллллллллллллллллллллллллллллллллллллллллллллллллллллллллллллллллллллллллллллллллллллллллллллллллллллллллллллллллллллллллллллллллллллллллллллллллллллллллллллллллллллллллллллллллллллллллллллллллллллллллллллллллллллллллллллллллллллллллллллллллллллллллллллллллллллллллллллллллллллллллллллллллллллллллллллллллллллллллллллллллллллллллллллллллллллллллллллллллллллллллллллллллллллллллллллллллллллллллллллллллллллллллллллллллллллллллллллл
[Thu Jul 11 11:53:35 2002] : user-request(0): 'Y:/parser3project/parser3/www/htdocs/dep.html' read failed: No such file or directory (2), actual filename 'Y:/parser3project/parser3/www/htdocs/dep.html' [file.missing]
[Thu Jul 11 11:54:28 2002] /dep.cgihtml: c:/drives/y/parser3project/parser3/www/htdocs/dep.cgihtml(0): 'c:/drives/y/parser3project/parser3/www/htdocs/script.pl' exec failed - <Ш (1234244) [<no type>]
[Thu Jul 11 11:54:32 2002] /dep.cgihtml: c:/drives/y/parser3project/parser3/www/htdocs/dep.cgihtml(0): 'c:/drives/y/parser3project/parser3/www/htdocs/script.pl' exec failed - <Ш (1234244) [<no type>]
[Thu Jul 11 11:55:29 2002] /dep.cgihtml: c:/drives/y/parser3project/parser3/www/htdocs/dep.cgihtml(0): 'c:/drives/y/parser3project/parser3/www/htdocs/script.pl' exec failed - <your executable> is not a valid Win32 application (193) [<no type>]
[Thu Jul 11 11:56:07 2002] /dep.cgihtml: c:/drives/y/parser3project/parser3/www/htdocs/dep.cgihtml(0): 'c:/drives/y/parser3project/parser3/www/htdocs/script.pl' exec failed - the file you run is not a valid Win32 application (193) [<no type>]
[Thu Jul 11 11:57:57 2002] /dep.cgihtml: c:/drives/y/parser3project/parser3/www/htdocs/dep.cgihtml(0): 'c:/drives/y/parser3project/parser3/www/htdocs/script.pl' exec failed - the file you run is not a valid Win32 application (193) [<no type>]
[Thu Jul 11 11:58:03 2002] /dep.cgihtml: c:/drives/y/parser3project/parser3/www/htdocs/dep.cgihtml(0): 'c:/drives/y/parser3project/parser3/www/htdocs/script.pl' exec failed - the file you run is not a valid Win32 application (193). maybe you are forgetting #!x:\path\to\interpreter first line? [<no type>]
[Thu Jul 11 11:59:00 2002] /dep.cgihtml: c:/drives/y/parser3project/parser3/www/htdocs/dep.cgihtml(0): 'c:/drives/y/parser3project/parser3/www/htdocs/script.pl' exec failed - the file you run is not a valid Win32 application (193). Consider adding shbang line (#!x:\path\to\interpreter params) [<no type>]
[Thu Jul 11 11:59:52 2002] /dep.cgihtml: c:/drives/y/parser3project/parser3/www/htdocs/dep.cgihtml(0): 'c:/drives/y/parser3project/parser3/www/htdocs/script.pl' exec failed - the file you run is not a valid Win32 application (193). Consider adding shbang line (#!x:\interpreter\command line) [<no type>]
[Thu Jul 11 12:05:31 2002] file:exec: Can't open perl script "Y:/parser3project/parser3/www/htdocs/script.plxxxx": No such file or directory |
[Wed Jul 31 18:11:25 2002] /paf.cgihtml: c:/drives/y/parser3project/parser3/www/htdocs/paf.cgihtml(0): 'send' parameter do not not specify 'from' header field [parser.runtime]
[Wed Jul 31 18:11:49 2002] /paf.cgihtml: c:/drives/y/parser3project/parser3/www/htdocs/paf.cgihtml(0): 'send' parameter do not not specify 'to' header field [parser.runtime]
[Wed Jul 31 18:11:55 2002] /paf.cgihtml: c:/drives/y/parser3project/parser3/www/htdocs/paf.cgihtml(0): 'send' $MAIN:MAIL.SMTP not defined [parser.runtime]
[Wed Jul 31 18:12:00 2002] /paf.cgihtml: c:/drives/y/parser3project/parser3/www/htdocs/paf.cgihtml(0): 'send' $MAIN:MAIL.SMTP not defined [parser.runtime]
[Wed Jul 31 18:12:04 2002] /paf.cgihtml: c:/drives/y/parser3project/parser3/www/htdocs/paf.cgihtml(0): 'send' $MAIN:MAIL.SMTP not defined [parser.runtime]
[Wed Jul 31 18:12:07 2002] /paf.cgihtml: c:/drives/y/parser3project/parser3/www/htdocs/paf.cgihtml(0): 'send' $MAIN:MAIL.SMTP not defined [parser.runtime]
[Wed Jul 31 18:12:11 2002] /paf.cgihtml: c:/drives/y/parser3project/parser3/www/htdocs/paf.cgihtml(0): 'send' $MAIN:MAIL.SMTP not defined [parser.runtime]
[Wed Jul 31 18:12:23 2002] /paf.cgihtml: c:/drives/y/parser3project/parser3/www/htdocs/paf.cgihtml(0): 'send' $MAIN:MAIL.SMTP not defined [parser.runtime]
[Wed Jul 31 18:13:33 2002] : Y:/parser3project/parser3/www/htdocs/paf.cgihtml(0): 'send' $MAIN:MAIL.SMTP not defined [parser.runtime]
[Wed Jul 31 18:13:41 2002] : Y:/parser3project/parser3/www/htdocs/paf.cgihtml(0): 'send' $MAIN:MAIL.SMTP not defined [parser.runtime]
[Wed Jul 31 18:13:54 2002] : Y:/parser3project/parser3/www/htdocs/paf.cgihtml(0): 'send' $MAIN:MAIL.SMTP not defined [parser.runtime]
[Wed Jul 31 18:16:44 2002] /paf.cgihtml: c:/drives/y/parser3project/parser3/www/htdocs/paf.cgihtml(1): 'paf(' email contains characters (specials) [<no type>]
[Wed Jul 31 18:16:58 2002] /paf.cgihtml: c:/drives/y/parser3project/parser3/www/htdocs/paf.cgihtml(1): 'paf"' email contains characters (specials) [<no type>]
[Wed Jul 31 18:17:02 2002] /paf.cgihtml: c:/drives/y/parser3project/parser3/www/htdocs/paf.cgihtml(2): '"paf"@mail.design.ru' email contains characters (specials) [<no type>]
[Wed Jul 31 18:17:06 2002] /paf.cgihtml: c:/drives/y/parser3project/parser3/www/htdocs/paf.cgihtml(0): 'send' $MAIN:MAIL.SMTP not defined [parser.runtime]
[Thu Aug 01 11:54:24 2002] /index.cgihtml: c:/drives/y/parser3project/parser3/www/htdocs/index.cgihtml(194): 'zstdin' not safe environment variable [parser.runtime]
[Thu Aug 01 11:56:01 2002] /index.cgihtml: c:/drives/y/parser3project/parser3/www/htdocs/index.cgihtml(194): 'c:/drives/y/parser3project/parser3/www/htdocs/test.pl' exec failed - The system cannot find the file specified (2). Consider adding shbang line (#!x:\interpreter\command line) [<no type>]
[Thu Aug 01 11:56:47 2002] file:exec: syntax error at c:/drives/y/parser3project/parser3/www/htdocs/test.pl line 3, at EOF |Execution of c:/drives/y/parser3project/parser3/www/htdocs/test.pl aborted due to compilation errors. |
